@2020-09-26 14:29:51:	{liam} logged in
@2020-10-04 15:18:50:	{liam} logged in
@2020-10-05 19:01:19:	{liam} logged in
@2020-10-07 00:12:37:	{liam} logged in
@2020-10-07 13:08:10:	{liam} logged in
@2020-10-07 13:09:30:	{guest} attempted log in
@2020-10-07 13:09:50:	{liam} changed password of {guest}
@2020-10-07 13:09:53:	{guest} attempted log in
@2020-10-07 13:09:57:	{guest} logged in
@2020-10-07 13:33:59:	{guest} logged in
@2020-10-07 14:13:47:	{liam} logged in
@2020-10-09 10:13:52:	{liam} logged in
@2020-10-11 11:46:19:	{liam} logged in
@2020-10-12 10:51:23:	{liam} logged in
@2020-10-12 11:00:06:	{liam} logged in
@2020-10-23 07:28:52:	{liam} logged in
@2020-10-26 14:51:25:	{liam} logged in
@2020-10-30 12:25:32:	{liam} logged in
@2020-10-30 12:29:50:	{liam} logged in
@2020-11-02 21:30:28:	{liam} logged in
@2020-11-11 15:48:20:	{liam} logged in
@2020-11-13 07:19:37:	{liam} logged in
@2020-11-15 17:45:06:	{liam} logged in
@2020-11-20 18:43:27:	{liam} logged in
@2020-11-21 10:37:56:	{liam} logged in
@2020-11-22 18:57:47:	{liam} logged in
@2020-11-23 17:40:07:	{liam} logged in
@2020-11-24 10:56:40:	{liam} logged in
@2020-11-25 11:32:46:	{liam} logged in
@2020-12-02 11:45:39:	{liam} logged in
@2020-12-03 07:41:35:	{liam} attempted log in
@2020-12-03 07:49:25:	{liam} attempted log in
@2020-12-03 07:49:30:	{liam} logged in
@2020-12-03 11:34:07:	{liam} logged in
@2020-12-04 10:19:44:	{liam} logged in
@2020-12-07 18:41:20:	{liam} logged in
@2020-12-14 08:41:42:	{liam} logged in
@2020-12-14 20:37:49:	{liam} logged in
@2020-12-15 13:53:33:	{liam} logged in
@2020-12-17 08:47:53:	{liam} logged in
@2020-12-17 12:40:08:	{liam} logged in
@2020-12-17 13:20:02:	{ayla} logged in
@2020-12-17 19:58:25:	{liam} logged in
@2020-12-17 21:41:58:	{liam} logged in
@2020-12-18 09:10:36:	{liam} logged in
@2020-12-18 15:18:15:	{liam} logged in
@2020-12-19 09:59:45:	{liam} logged in
@2020-12-19 17:54:21:	{liam} logged in
@2020-12-20 12:06:07:	{liam} logged in
@2020-12-20 17:41:30:	{liam} logged in
@2020-12-21 07:33:36:	{liam} logged in
@2020-12-21 18:16:40:	{liam} logged in
@2020-12-22 18:14:08:	{liam} logged in
@2020-12-23 16:08:32:	{liam} logged in
@2020-12-23 22:05:02:	{liam} logged in
@2020-12-24 11:04:20:	{liam} logged in
@2020-12-24 18:35:00:	{liam} logged in
@2020-12-25 10:45:28:	{liam} logged in
@2020-12-26 10:16:59:	{liam} logged in
@2020-12-27 09:21:57:	{liam} logged in
@2020-12-27 10:41:26:	{liam} logged in
@2020-12-27 10:46:52:	{liam} logged in
@2020-12-28 09:19:15:	{liam} logged in
@2020-12-28 11:10:47:	{ayla} logged in
@2020-12-28 14:07:31:	{liam} logged in
@2020-12-29 07:33:03:	{liam} logged in
@2020-12-29 14:28:33:	{liam} logged in
@2020-12-30 13:58:02:	{liam} logged in
@2020-12-30 21:15:13:	{liam} logged in
@2020-12-31 12:02:32:	{liam} logged in
@2020-12-31 13:18:11:	{ayla} logged in
@2021-01-01 11:56:14:	{liam} logged in
@2021-01-04 11:03:27:	{liam} logged in
@2021-01-04 14:59:50:	{liam} logged in
@2021-01-05 08:46:42:	{liam} logged in
@2021-01-06 11:11:22:	{liam} logged in
@2021-01-06 21:28:06:	{liam} logged in
@2021-01-07 08:38:27:	{liam} logged in
@2021-01-07 08:45:48:	{liam} logged in
@2021-01-07 14:39:51:	{liam} logged in
@2021-01-07 22:24:52:	{liam} logged in
@2021-01-08 12:19:49:	{liam} logged in
@2021-01-08 14:06:55:	{liam} logged in
@2021-01-11 12:04:57:	{liam} logged in
@2021-01-12 16:37:15:	{liam} logged in
@2021-01-13 12:38:30:	{liam} logged in
@2021-01-13 21:40:06:	{liam} logged in
@2021-01-14 09:30:14:	{liam} logged in
@2021-01-14 15:21:16:	{liam} logged in
@2021-01-15 18:35:55:	{liam} logged in
@2021-01-16 09:33:08:	{liam} logged in
@2021-01-16 12:41:17:	{liam} logged in
@2021-01-16 18:06:02:	{liam} logged in
@2021-01-16 19:28:17:	{liam} logged in
@2021-01-19 09:35:27:	{liam} logged in
@2021-01-20 18:27:33:	{liam} logged in
@2021-01-20 18:28:52:	{liam} logged in
@2021-01-20 21:11:04:	{liam} logged in
@2021-01-21 12:24:37:	{liam} logged in
@2021-01-21 14:30:45:	{liam} logged in
@2021-01-22 16:43:09:	{liam} logged in
