@2021-01-06 22:24:39: Missing {"SassCompiler"} for en......... < Ln:60 in /var/www/atheos/components/settings/dialog.php
@2021-01-06 22:24:39: Missing {"Winddown"} for en............. < Ln:60 in /var/www/atheos/components/settings/dialog.php
@2021-01-06 22:24:59: Missing {"File"} for en................. < Ln:38 in /var/www/atheos/components/filemanager/dialog.php
@2021-01-06 22:25:02: Missing {"duplicated_file"} for en...... < Ln:87 in /var/www/atheos/components/filemanager/class.filemanager.php
@2021-01-06 22:30:01: Missing {"duplicated_file"} for en...... < Ln:87 in /var/www/atheos/components/filemanager/class.filemanager.php
@2021-01-06 22:34:05: Missing {"Beautify"} for en............. < Ln:60 in /var/www/atheos/components/settings/dialog.php
@2021-01-06 22:34:05: Missing {"SassCompiler"} for en......... < Ln:60 in /var/www/atheos/components/settings/dialog.php
@2021-01-06 22:34:05: Missing {"Winddown"} for en............. < Ln:60 in /var/www/atheos/components/settings/dialog.php
@2021-01-06 22:46:42: Missing {"Beautify"} for en............. < Ln:60 in /var/www/atheos/components/settings/dialog.php
@2021-01-06 22:46:42: Missing {"SassCompiler"} for en......... < Ln:60 in /var/www/atheos/components/settings/dialog.php
@2021-01-06 22:46:42: Missing {"Winddown"} for en............. < Ln:60 in /var/www/atheos/components/settings/dialog.php
@2021-01-07 15:14:58: Missing {"duplicated_file"} for en...... < Ln:87 in /var/www/atheos/components/filemanager/class.filemanager.php
@2021-01-07 22:28:37: Missing {"File"} for en................. < Ln:38 in /var/www/atheos/components/filemanager/dialog.php
@2021-01-07 22:28:41: Missing {"duplicated_file"} for en...... < Ln:87 in /var/www/atheos/components/filemanager/class.filemanager.php
@2021-01-07 22:42:31: Missing {"File"} for en................. < Ln:38 in /var/www/atheos/components/filemanager/dialog.php
@2021-01-07 22:42:38: Missing {"duplicated_file"} for en...... < Ln:87 in /var/www/atheos/components/filemanager/class.filemanager.php
@2021-01-07 22:55:46: Missing {"Directory"} for en............ < Ln:38 in /var/www/atheos/components/filemanager/dialog.php
@2021-01-13 21:40:29: Missing {"Beautify"} for en............. < Ln:60 in /var/www/atheos/components/settings/dialog.php
@2021-01-13 21:40:29: Missing {"SassCompiler"} for en......... < Ln:60 in /var/www/atheos/components/settings/dialog.php
@2021-01-13 21:40:29: Missing {"Winddown"} for en............. < Ln:60 in /var/www/atheos/components/settings/dialog.php
@2021-01-14 11:51:09: Missing {"duplicated_file"} for en...... < Ln:87 in /var/www/atheos/components/filemanager/class.filemanager.php
@2021-01-14 11:51:38: Missing {"duplicated_file"} for en...... < Ln:87 in /var/www/atheos/components/filemanager/class.filemanager.php
@2021-01-14 11:52:21: Missing {"duplicated_file"} for en...... < Ln:87 in /var/www/atheos/components/filemanager/class.filemanager.php
@2021-01-14 11:52:24: Missing {"duplicated_file"} for en...... < Ln:87 in /var/www/atheos/components/filemanager/class.filemanager.php
@2021-01-14 15:26:37: Missing {"duplicated_folder"} for en.... < Ln:90 in /var/www/atheos/components/filemanager/class.filemanager.php
@2021-01-14 15:27:38: Missing {"duplicated_folder"} for en.... < Ln:90 in /var/www/atheos/components/filemanager/class.filemanager.php
@2021-01-14 16:11:05: Missing {"duplicated_folder"} for en.... < Ln:90 in /var/www/atheos/components/filemanager/class.filemanager.php
@2021-01-14 19:13:01: Missing {"duplicated_file"} for en...... < Ln:87 in /var/www/atheos/components/filemanager/class.filemanager.php
@2021-01-14 19:13:04: Missing {"duplicated_file"} for en...... < Ln:87 in /var/www/atheos/components/filemanager/class.filemanager.php
@2021-01-14 19:15:06: Missing {"duplicated_folder"} for en.... < Ln:90 in /var/www/atheos/components/filemanager/class.filemanager.php
@2021-01-14 19:15:14: Missing {"duplicated_file"} for en...... < Ln:87 in /var/www/atheos/components/filemanager/class.filemanager.php
@2021-01-14 20:11:19: Missing {"duplicated_folder"} for en.... < Ln:90 in /var/www/atheos/components/filemanager/class.filemanager.php
@2021-01-14 20:13:20: Missing {"Directory"} for en............ < Ln:38 in /var/www/atheos/components/filemanager/dialog.php
@2021-01-14 20:13:28: Missing {"duplicated_folder"} for en.... < Ln:90 in /var/www/atheos/components/filemanager/class.filemanager.php
@2021-01-14 20:13:33: Missing {"duplicated_file"} for en...... < Ln:87 in /var/www/atheos/components/filemanager/class.filemanager.php
@2021-01-14 23:06:27: Missing {"Directory"} for en............ < Ln:38 in /var/www/atheos/components/filemanager/dialog.php
@2021-01-14 23:06:30: Missing {"duplicated_folder"} for en.... < Ln:90 in /var/www/atheos/components/filemanager/class.filemanager.php
@2021-01-14 23:06:47: Missing {"duplicated_file"} for en...... < Ln:87 in /var/www/atheos/components/filemanager/class.filemanager.php
@2021-01-15 20:42:04: Missing {"duplicated_folder"} for en.... < Ln:90 in /var/www/atheos/components/filemanager/class.filemanager.php
@2021-01-15 20:42:15: Missing {"duplicated_folder"} for en.... < Ln:90 in /var/www/atheos/components/filemanager/class.filemanager.php
@2021-01-15 20:43:32: Missing {"duplicated_file"} for en...... < Ln:87 in /var/www/atheos/components/filemanager/class.filemanager.php
@2021-01-15 20:48:56: Missing {"duplicated_folder"} for en.... < Ln:90 in /var/www/atheos/components/filemanager/class.filemanager.php
@2021-01-15 20:49:06: Missing {"duplicated_file"} for en...... < Ln:87 in /var/www/atheos/components/filemanager/class.filemanager.php
@2021-01-15 20:49:41: Missing {"duplicated_file"} for en...... < Ln:87 in /var/www/atheos/components/filemanager/class.filemanager.php
@2021-01-15 20:49:48: Missing {"duplicated_file"} for en...... < Ln:87 in /var/www/atheos/components/filemanager/class.filemanager.php
@2021-01-15 20:50:27: Missing {"duplicated_file"} for en...... < Ln:87 in /var/www/atheos/components/filemanager/class.filemanager.php
@2021-01-15 20:50:32: Missing {"duplicated_file"} for en...... < Ln:87 in /var/www/atheos/components/filemanager/class.filemanager.php
@2021-01-15 20:53:26: Missing {"duplicated_file"} for en...... < Ln:87 in /var/www/atheos/components/filemanager/class.filemanager.php
@2021-01-15 20:53:46: Missing {"duplicated_file"} for en...... < Ln:87 in /var/www/atheos/components/filemanager/class.filemanager.php
@2021-01-15 20:54:08: Missing {"duplicated_file"} for en...... < Ln:87 in /var/www/atheos/components/filemanager/class.filemanager.php
@2021-01-15 20:58:02: Missing {"duplicated_folder"} for en.... < Ln:90 in /var/www/atheos/components/filemanager/class.filemanager.php
@2021-01-15 20:58:11: Missing {"duplicated_file"} for en...... < Ln:87 in /var/www/atheos/components/filemanager/class.filemanager.php
@2021-01-15 20:59:53: Missing {"duplicated_folder"} for en.... < Ln:90 in /var/www/atheos/components/filemanager/class.filemanager.php
@2021-01-15 21:00:04: Missing {"duplicated_folder"} for en.... < Ln:90 in /var/www/atheos/components/filemanager/class.filemanager.php
@2021-01-15 21:00:13: Missing {"duplicated_file"} for en...... < Ln:87 in /var/www/atheos/components/filemanager/class.filemanager.php
@2021-01-15 21:01:51: Missing {"duplicated_file"} for en...... < Ln:87 in /var/www/atheos/components/filemanager/class.filemanager.php
@2021-01-15 21:02:10: Missing {"duplicated_file"} for en...... < Ln:87 in /var/www/atheos/components/filemanager/class.filemanager.php
@2021-01-15 21:14:44: Missing {"duplicated_file"} for en...... < Ln:87 in /var/www/atheos/components/filemanager/class.filemanager.php
@2021-01-15 21:15:06: Missing {"duplicated_folder"} for en.... < Ln:90 in /var/www/atheos/components/filemanager/class.filemanager.php
@2021-01-15 21:15:10: Missing {"duplicated_folder"} for en.... < Ln:90 in /var/www/atheos/components/filemanager/class.filemanager.php
@2021-01-15 21:16:42: Missing {"duplicated_folder"} for en.... < Ln:90 in /var/www/atheos/components/filemanager/class.filemanager.php
@2021-01-15 21:19:01: Missing {"duplicated_file"} for en...... < Ln:87 in /var/www/atheos/components/filemanager/class.filemanager.php
@2021-01-15 21:23:38: Missing {"duplicated_folder"} for en.... < Ln:90 in /var/www/atheos/components/filemanager/class.filemanager.php
@2021-01-15 21:24:21: Missing {"duplicated_folder"} for en.... < Ln:90 in /var/www/atheos/components/filemanager/class.filemanager.php
@2021-01-15 22:34:24: Missing {"duplicated_folder"} for en.... < Ln:90 in /var/www/atheos/components/filemanager/class.filemanager.php
@2021-01-15 22:34:43: Missing {"duplicated_folder"} for en.... < Ln:90 in /var/www/atheos/components/filemanager/class.filemanager.php
@2021-01-15 22:36:43: Missing {"duplicated_file"} for en...... < Ln:87 in /var/www/atheos/components/filemanager/class.filemanager.php
@2021-01-15 22:36:58: Missing {"duplicated_file"} for en...... < Ln:87 in /var/www/atheos/components/filemanager/class.filemanager.php
@2021-01-15 22:37:13: Missing {"duplicated_file"} for en...... < Ln:87 in /var/www/atheos/components/filemanager/class.filemanager.php
@2021-01-15 22:56:43: Missing {"duplicated_folder"} for en.... < Ln:90 in /var/www/atheos/components/filemanager/class.filemanager.php
@2021-01-15 23:07:52: Missing {"duplicated_folder"} for en.... < Ln:90 in /var/www/atheos/components/filemanager/class.filemanager.php
@2021-01-15 23:07:57: Missing {"duplicated_folder"} for en.... < Ln:90 in /var/www/atheos/components/filemanager/class.filemanager.php
@2021-01-15 23:08:19: Missing {"duplicated_file"} for en...... < Ln:87 in /var/www/atheos/components/filemanager/class.filemanager.php
@2021-01-15 23:08:27: Missing {"duplicated_file"} for en...... < Ln:87 in /var/www/atheos/components/filemanager/class.filemanager.php
@2021-01-16 00:04:43: Missing {"duplicated_file"} for en...... < Ln:87 in /var/www/atheos/components/filemanager/class.filemanager.php
@2021-01-16 09:36:45: Missing {"duplicated_folder"} for en.... < Ln:90 in /var/www/atheos/components/filemanager/class.filemanager.php
@2021-01-16 09:51:36: Missing {"duplicated_folder"} for en.... < Ln:90 in /var/www/atheos/components/filemanager/class.filemanager.php
@2021-01-16 09:54:38: Missing {"duplicated_file"} for en...... < Ln:87 in /var/www/atheos/components/filemanager/class.filemanager.php
@2021-01-16 09:57:59: Missing {"duplicated_file"} for en...... < Ln:87 in /var/www/atheos/components/filemanager/class.filemanager.php
@2021-01-16 10:08:52: Missing {"duplicated_file"} for en...... < Ln:87 in /var/www/atheos/components/filemanager/class.filemanager.php
@2021-01-16 11:07:27: Missing {"duplicated_file"} for en...... < Ln:87 in /var/www/atheos/components/filemanager/class.filemanager.php
@2021-01-16 11:07:50: Missing {"duplicated_file"} for en...... < Ln:87 in /var/www/atheos/components/filemanager/class.filemanager.php
@2021-01-16 11:19:00: Missing {"duplicated_file"} for en...... < Ln:87 in /var/www/atheos/components/filemanager/class.filemanager.php
@2021-01-16 11:56:05: Missing {"duplicated_file"} for en...... < Ln:87 in /var/www/atheos/components/filemanager/class.filemanager.php
@2021-01-16 12:11:19: Missing {"duplicated_file"} for en...... < Ln:87 in /var/www/atheos/components/filemanager/class.filemanager.php
@2021-01-16 13:05:23: Missing {"duplicated_file"} for en...... < Ln:87 in /var/www/atheos/components/filemanager/class.filemanager.php
@2021-01-16 23:22:40: Missing {"Beautify"} for en............. < Ln:60 in /var/www/atheos/components/settings/dialog.php
@2021-01-16 23:22:40: Missing {"SassCompiler"} for en......... < Ln:60 in /var/www/atheos/components/settings/dialog.php
@2021-01-16 23:22:40: Missing {"Winddown"} for en............. < Ln:60 in /var/www/atheos/components/settings/dialog.php
@2021-01-21 15:52:30: Missing {"duplicated_folder"} for en.... < Ln:90 in /var/www/atheos/components/filemanager/class.filemanager.php
@2021-01-21 16:00:14: Missing {"duplicated_folder"} for en.... < Ln:90 in /var/www/atheos/components/filemanager/class.filemanager.php
@2021-01-21 18:52:46: Missing {"duplicated_file"} for en...... < Ln:87 in /var/www/atheos/components/filemanager/class.filemanager.php
@2021-01-21 18:53:06: Missing {"duplicated_folder"} for en.... < Ln:90 in /var/www/atheos/components/filemanager/class.filemanager.php
@2021-01-21 18:54:05: Missing {"duplicated_folder"} for en.... < Ln:90 in /var/www/atheos/components/filemanager/class.filemanager.php
@2021-01-21 18:55:18: Missing {"duplicated_file"} for en...... < Ln:87 in /var/www/atheos/components/filemanager/class.filemanager.php
@2021-01-21 19:10:52: Missing {"duplicated_folder"} for en.... < Ln:90 in /var/www/atheos/components/filemanager/class.filemanager.php
@2021-01-21 19:10:55: Missing {"duplicated_folder"} for en.... < Ln:90 in /var/www/atheos/components/filemanager/class.filemanager.php
@2021-01-21 19:12:08: Missing {"duplicated_file"} for en...... < Ln:87 in /var/www/atheos/components/filemanager/class.filemanager.php
@2021-01-21 21:15:27: Missing {"duplicated_file"} for en...... < Ln:87 in /var/www/atheos/components/filemanager/class.filemanager.php
@2021-01-21 21:16:01: Missing {"duplicated_file"} for en...... < Ln:87 in /var/www/atheos/components/filemanager/class.filemanager.php
@2021-01-21 21:16:15: Missing {"duplicated_file"} for en...... < Ln:87 in /var/www/atheos/components/filemanager/class.filemanager.php
