    at Object.focus (https://dev.siira.io/components/editor/init.js:738:18)
    at Array.<anonymous> (https://dev.siira.io/components/editor/init.js:234:10)
    at w.r._emit.r._dispatchEvent (https://dev.siira.io/components/editor/ace-editor/ace.js:1:50102)
    at w.onFocus (https://dev.siira.io/components/editor/ace-editor/ace.js:1:210289)
    at HTMLTextAreaElement.<anonymous> (https://dev.siira.io/components/editor/ace-editor/ace.js:1:21625)
    at g.focus (https://dev.siira.io/components/editor/ace-editor/ace.js:1:21757)
    at w.focus (https://dev.siira.io/components/editor/ace-editor/ace.js:1:210042)
    at HTMLDivElement.n (https://dev.siira.io/components/editor/ace-editor/ace.js:1:57242)
TypeError: Cannot read property 'listItem' of undefined
TypeError: Cannot read property 'listItem' of undefined
    at Object.highlightEntry (https://dev.siira.io/components/active/init.js:342:12)
    at Object.focus (https://dev.siira.io/components/active/init.js:296:9)
    at Object.focus (https://dev.siira.io/components/editor/init.js:738:18)
    at Array.<anonymous> (https://dev.siira.io/components/editor/init.js:234:10)
    at w.r._emit.r._dispatchEvent (https://dev.siira.io/components/editor/ace-editor/ace.js:1:50102)
    at w.onFocus (https://dev.siira.io/components/editor/ace-editor/ace.js:1:210289)
    at HTMLTextAreaElement.<anonymous> (https://dev.siira.io/components/editor/ace-editor/ace.js:1:21625)
    at g.focus (https://dev.siira.io/components/editor/ace-editor/ace.js:1:21757)
    at https://dev.siira.io/components/editor/ace-editor/ace.js:1:210017
TypeError: Cannot read property 'listItem' of undefined
TypeError: Cannot read property 'listItem' of undefined
    at Object.highlightEntry (https://dev.siira.io/components/active/init.js:342:12)
    at Object.focus (https://dev.siira.io/components/active/init.js:296:9)
    at Object.focus (https://dev.siira.io/components/editor/init.js:738:18)
    at Array.<anonymous> (https://dev.siira.io/components/editor/init.js:234:10)
    at w.r._emit.r._dispatchEvent (https://dev.siira.io/components/editor/ace-editor/ace.js:1:50102)
    at w.onFocus (https://dev.siira.io/components/editor/ace-editor/ace.js:1:210289)
    at HTMLTextAreaElement.<anonymous> (https://dev.siira.io/components/editor/ace-editor/ace.js:1:21625)
    at g.focus (https://dev.siira.io/components/editor/ace-editor/ace.js:1:21757)
    at https://dev.siira.io/components/editor/ace-editor/ace.js:1:210017
TypeError: Cannot read property 'listItem' of undefined
TypeError: Cannot read property 'listItem' of undefined
    at Object.highlightEntry (https://dev.siira.io/components/active/init.js:342:12)
    at Object.focus (https://dev.siira.io/components/active/init.js:296:9)
    at Object.focus (https://dev.siira.io/components/editor/init.js:738:18)
    at Array.<anonymous> (https://dev.siira.io/components/editor/init.js:234:10)
    at w.r._emit.r._dispatchEvent (https://dev.siira.io/components/editor/ace-editor/ace.js:1:50102)
    at w.onFocus (https://dev.siira.io/components/editor/ace-editor/ace.js:1:210289)
    at HTMLTextAreaElement.<anonymous> (https://dev.siira.io/components/editor/ace-editor/ace.js:1:21625)
    at g.focus (https://dev.siira.io/components/editor/ace-editor/ace.js:1:21757)
    at https://dev.siira.io/components/editor/ace-editor/ace.js:1:210017
TypeError: Cannot read property 'listItem' of undefined
TypeError: Cannot read property 'listItem' of undefined
    at Object.highlightEntry (https://dev.siira.io/components/active/init.js:342:12)
    at Object.focus (https://dev.siira.io/components/active/init.js:296:9)
    at Object.focus (https://dev.siira.io/components/editor/init.js:738:18)
    at Array.<anonymous> (https://dev.siira.io/components/editor/init.js:234:10)
    at w.r._emit.r._dispatchEvent (https://dev.siira.io/components/editor/ace-editor/ace.js:1:50102)
    at w.onFocus (https://dev.siira.io/components/editor/ace-editor/ace.js:1:210289)
    at HTMLTextAreaElement.<anonymous> (https://dev.siira.io/components/editor/ace-editor/ace.js:1:21625)
    at g.focus (https://dev.siira.io/components/editor/ace-editor/ace.js:1:21757)
    at https://dev.siira.io/components/editor/ace-editor/ace.js:1:210017
TypeError: Cannot read property 'listItem' of undefined
TypeError: Cannot read property 'listItem' of undefined
    at Object.highlightEntry (https://dev.siira.io/components/active/init.js:342:12)
    at Object.focus (https://dev.siira.io/components/active/init.js:296:9)
    at Object.focus (https://dev.siira.io/components/editor/init.js:738:18)
    at Array.<anonymous> (https://dev.siira.io/components/editor/init.js:234:10)
    at w.r._emit.r._dispatchEvent (https://dev.siira.io/components/editor/ace-editor/ace.js:1:50102)
    at w.onFocus (https://dev.siira.io/components/editor/ace-editor/ace.js:1:210289)
    at HTMLTextAreaElement.<anonymous> (https://dev.siira.io/components/editor/ace-editor/ace.js:1:21625)
    at g.focus (https://dev.siira.io/components/editor/ace-editor/ace.js:1:21757)
    at https://dev.siira.io/components/editor/ace-editor/ace.js:1:210017
TypeError: Cannot read property 'listItem' of undefined
TypeError: Cannot read property 'listItem' of undefined
    at Object.highlightEntry (https://dev.siira.io/components/active/init.js:342:12)
    at Object.focus (https://dev.siira.io/components/active/init.js:296:9)
    at Object.focus (https://dev.siira.io/components/editor/init.js:738:18)
    at Array.<anonymous> (https://dev.siira.io/components/editor/init.js:234:10)
    at w.r._emit.r._dispatchEvent (https://dev.siira.io/components/editor/ace-editor/ace.js:1:50102)
    at w.onFocus (https://dev.siira.io/components/editor/ace-editor/ace.js:1:210289)
    at HTMLTextAreaElement.<anonymous> (https://dev.siira.io/components/editor/ace-editor/ace.js:1:21625)
    at g.focus (https://dev.siira.io/components/editor/ace-editor/ace.js:1:21757)
    at https://dev.siira.io/components/editor/ace-editor/ace.js:1:210017
TypeError: Cannot read property 'listItem' of undefined
TypeError: Cannot read property 'listItem' of undefined
    at Object.highlightEntry (https://dev.siira.io/components/active/init.js:342:12)
    at Object.focus (https://dev.siira.io/components/active/init.js:296:9)
    at Object.focus (https://dev.siira.io/components/editor/init.js:738:18)
    at Array.<anonymous> (https://dev.siira.io/components/editor/init.js:234:10)
    at w.r._emit.r._dispatchEvent (https://dev.siira.io/components/editor/ace-editor/ace.js:1:50102)
    at w.onFocus (https://dev.siira.io/components/editor/ace-editor/ace.js:1:210289)
    at HTMLTextAreaElement.<anonymous> (https://dev.siira.io/components/editor/ace-editor/ace.js:1:21625)
    at g.focus (https://dev.siira.io/components/editor/ace-editor/ace.js:1:21757)
    at https://dev.siira.io/components/editor/ace-editor/ace.js:1:210017
TypeError: Cannot read property 'listItem' of undefined
TypeError: Cannot read property 'listItem' of undefined
    at Object.highlightEntry (https://dev.siira.io/components/active/init.js:342:12)
    at Object.focus (https://dev.siira.io/components/active/init.js:296:9)
    at Object.focus (https://dev.siira.io/components/editor/init.js:738:18)
    at Array.<anonymous> (https://dev.siira.io/components/editor/init.js:234:10)
    at w.r._emit.r._dispatchEvent (https://dev.siira.io/components/editor/ace-editor/ace.js:1:50102)
    at w.onFocus (https://dev.siira.io/components/editor/ace-editor/ace.js:1:210289)
    at HTMLTextAreaElement.<anonymous> (https://dev.siira.io/components/editor/ace-editor/ace.js:1:21625)
    at g.focus (https://dev.siira.io/components/editor/ace-editor/ace.js:1:21757)
    at w.focus (https://dev.siira.io/components/editor/ace-editor/ace.js:1:210042)
    at HTMLDivElement.n (https://dev.siira.io/components/editor/ace-editor/ace.js:1:57242)
TypeError: Cannot read property 'listItem' of undefined
TypeError: Cannot read property 'listItem' of undefined
    at Object.highlightEntry (https://dev.siira.io/components/active/init.js:342:12)
    at Object.focus (https://dev.siira.io/components/active/init.js:296:9)
    at Object.focus (https://dev.siira.io/components/editor/init.js:738:18)
    at Array.<anonymous> (https://dev.siira.io/components/editor/init.js:234:10)
    at w.r._emit.r._dispatchEvent (https://dev.siira.io/components/editor/ace-editor/ace.js:1:50102)
    at w.onFocus (https://dev.siira.io/components/editor/ace-editor/ace.js:1:210289)
    at HTMLTextAreaElement.<anonymous> (https://dev.siira.io/components/editor/ace-editor/ace.js:1:21625)
    at g.focus (https://dev.siira.io/components/editor/ace-editor/ace.js:1:21757)
    at w.focus (https://dev.siira.io/components/editor/ace-editor/ace.js:1:210042)
    at c.onMouseDown (https://dev.siira.io/components/editor/ace-editor/ace.js:1:29428)
TypeError: Cannot read property 'listItem' of undefined
TypeError: Cannot read property 'listItem' of undefined
    at Object.highlightEntry (https://dev.siira.io/components/active/init.js:342:12)
    at Object.focus (https://dev.siira.io/components/active/init.js:296:9)
    at Object.focus (https://dev.siira.io/components/editor/init.js:738:18)
    at Array.<anonymous> (https://dev.siira.io/components/editor/init.js:234:10)
    at w.r._emit.r._dispatchEvent (https://dev.siira.io/components/editor/ace-editor/ace.js:1:50102)
    at w.onFocus (https://dev.siira.io/components/editor/ace-editor/ace.js:1:210289)
    at HTMLTextAreaElement.<anonymous> (https://dev.siira.io/components/editor/ace-editor/ace.js:1:21625)
    at g.focus (https://dev.siira.io/components/editor/ace-editor/ace.js:1:21757)
    at w.focus (https://dev.siira.io/components/editor/ace-editor/ace.js:1:210042)
    at HTMLDivElement.n (https://dev.siira.io/components/editor/ace-editor/ace.js:1:57242)
TypeError: Cannot read property 'listItem' of undefined
TypeError: Cannot read property 'listItem' of undefined
    at Object.highlightEntry (https://dev.siira.io/components/active/init.js:342:12)
    at Object.focus (https://dev.siira.io/components/active/init.js:296:9)
    at Object.focus (https://dev.siira.io/components/editor/init.js:738:18)
    at Array.<anonymous> (https://dev.siira.io/components/editor/init.js:234:10)
    at w.r._emit.r._dispatchEvent (https://dev.siira.io/components/editor/ace-editor/ace.js:1:50102)
    at w.onFocus (https://dev.siira.io/components/editor/ace-editor/ace.js:1:210289)
    at HTMLTextAreaElement.<anonymous> (https://dev.siira.io/components/editor/ace-editor/ace.js:1:21625)
    at g.focus (https://dev.siira.io/components/editor/ace-editor/ace.js:1:21757)
    at w.focus (https://dev.siira.io/components/editor/ace-editor/ace.js:1:210042)
    at HTMLDivElement.n (https://dev.siira.io/components/editor/ace-editor/ace.js:1:57242)
TypeError: Cannot read property 'listItem' of undefined
TypeError: Cannot read property 'listItem' of undefined
    at Object.highlightEntry (https://dev.siira.io/components/active/init.js:342:12)
    at Object.focus (https://dev.siira.io/components/active/init.js:296:9)
    at Object.focus (https://dev.siira.io/components/editor/init.js:738:18)
    at Array.<anonymous> (https://dev.siira.io/components/editor/init.js:234:10)
    at w.r._emit.r._dispatchEvent (https://dev.siira.io/components/editor/ace-editor/ace.js:1:50102)
    at w.onFocus (https://dev.siira.io/components/editor/ace-editor/ace.js:1:210289)
    at HTMLTextAreaElement.<anonymous> (https://dev.siira.io/components/editor/ace-editor/ace.js:1:21625)
    at g.focus (https://dev.siira.io/components/editor/ace-editor/ace.js:1:21757)
    at w.focus (https://dev.siira.io/components/editor/ace-editor/ace.js:1:210042)
    at HTMLDivElement.n (https://dev.siira.io/components/editor/ace-editor/ace.js:1:57242)
